<?xml version="1.0" encoding="UTF-8"?>
<testsuite xmlns:xsi="http://www.w3.org/2001/XMLSchema-instance" xsi:noNamespaceSchemaLocation="https://maven.apache.org/surefire/maven-surefire-plugin/xsd/surefire-test-report.xsd" name="com.hsbc.AppTest" time="0.095" tests="1" errors="0" skipped="0" failures="0">
  <properties>
    <property name="java.specification.version" value="19"/>
    <property name="sun.cpu.isalist" value="amd64"/>
    <property name="sun.jnu.encoding" value="Cp1252"/>
    <property name="java.class.path" value="C:\Users\prave\webapphsbc\target\test-classes;C:\Users\prave\webapphsbc\target\classes;C:\Users\prave\.m2\repository\junit\junit\4.11\junit-4.11.jar;C:\Users\prave\.m2\repository\org\hamcrest\hamcrest-core\1.3\hamcrest-core-1.3.jar;C:\Users\prave\.m2\repository\com\google\maps\api\grpc\grpc-google-maps-routing-v2\0.7.0\grpc-google-maps-routing-v2-0.7.0.jar;C:\Users\prave\.m2\repository\io\grpc\grpc-api\1.53.0\grpc-api-1.53.0.jar;C:\Users\prave\.m2\repository\io\grpc\grpc-context\1.53.0\grpc-context-1.53.0.jar;C:\Users\prave\.m2\repository\com\google\code\findbugs\jsr305\3.0.2\jsr305-3.0.2.jar;C:\Users\prave\.m2\repository\com\google\errorprone\error_prone_annotations\2.18.0\error_prone_annotations-2.18.0.jar;C:\Users\prave\.m2\repository\io\grpc\grpc-stub\1.53.0\grpc-stub-1.53.0.jar;C:\Users\prave\.m2\repository\io\grpc\grpc-protobuf\1.53.0\grpc-protobuf-1.53.0.jar;C:\Users\prave\.m2\repository\io\grpc\grpc-protobuf-lite\1.53.0\grpc-protobuf-lite-1.53.0.jar;C:\Users\prave\.m2\repository\com\google\protobuf\protobuf-java\3.21.12\protobuf-java-3.21.12.jar;C:\Users\prave\.m2\repository\com\google\api\grpc\proto-google-common-protos\2.14.3\proto-google-common-protos-2.14.3.jar;C:\Users\prave\.m2\repository\com\google\maps\api\grpc\proto-google-maps-routing-v2\0.7.0\proto-google-maps-routing-v2-0.7.0.jar;C:\Users\prave\.m2\repository\com\google\api\grpc\proto-google-iam-v1\1.9.3\proto-google-iam-v1-1.9.3.jar;C:\Users\prave\.m2\repository\com\google\api\api-common\2.6.3\api-common-2.6.3.jar;C:\Users\prave\.m2\repository\com\google\auto\value\auto-value-annotations\1.10.1\auto-value-annotations-1.10.1.jar;C:\Users\prave\.m2\repository\com\google\auto\value\auto-value\1.10.1\auto-value-1.10.1.jar;C:\Users\prave\.m2\repository\javax\annotation\javax.annotation-api\1.3.2\javax.annotation-api-1.3.2.jar;C:\Users\prave\.m2\repository\com\google\guava\guava\31.1-jre\guava-31.1-jre.jar;C:\Users\prave\.m2\repository\com\google\guava\failureaccess\1.0.1\failureaccess-1.0.1.jar;C:\Users\prave\.m2\repository\com\google\guava\listenablefuture\9999.0-empty-to-avoid-conflict-with-guava\listenablefuture-9999.0-empty-to-avoid-conflict-with-guava.jar;C:\Users\prave\.m2\repository\org\checkerframework\checker-qual\3.32.0\checker-qual-3.32.0.jar;C:\Users\prave\.m2\repository\com\google\j2objc\j2objc-annotations\1.3\j2objc-annotations-1.3.jar;"/>
    <property name="java.vm.vendor" value="Oracle Corporation"/>
    <property name="sun.arch.data.model" value="64"/>
    <property name="user.variant" value=""/>
    <property name="java.vendor.url" value="https://java.oracle.com/"/>
    <property name="user.timezone" value="Asia/Calcutta"/>
    <property name="os.name" value="Windows 11"/>
    <property name="java.vm.specification.version" value="19"/>
    <property name="sun.java.launcher" value="SUN_STANDARD"/>
    <property name="user.country" value="IN"/>
    <property name="sun.boot.library.path" value="C:\Program Files\Java\jdk-19\bin"/>
    <property name="sun.java.command" value="C:\Users\prave\AppData\Local\Temp\surefire10878001315563819554\surefirebooter5258004766453066849.jar C:\Users\prave\AppData\Local\Temp\surefire10878001315563819554 2023-03-22T15-06-46_578-jvmRun1 surefire18184685037490251000tmp surefire_0705505071908663269tmp"/>
    <property name="jdk.debug" value="release"/>
    <property name="surefire.test.class.path" value="C:\Users\prave\webapphsbc\target\test-classes;C:\Users\prave\webapphsbc\target\classes;C:\Users\prave\.m2\repository\junit\junit\4.11\junit-4.11.jar;C:\Users\prave\.m2\repository\org\hamcrest\hamcrest-core\1.3\hamcrest-core-1.3.jar;C:\Users\prave\.m2\repository\com\google\maps\api\grpc\grpc-google-maps-routing-v2\0.7.0\grpc-google-maps-routing-v2-0.7.0.jar;C:\Users\prave\.m2\repository\io\grpc\grpc-api\1.53.0\grpc-api-1.53.0.jar;C:\Users\prave\.m2\repository\io\grpc\grpc-context\1.53.0\grpc-context-1.53.0.jar;C:\Users\prave\.m2\repository\com\google\code\findbugs\jsr305\3.0.2\jsr305-3.0.2.jar;C:\Users\prave\.m2\repository\com\google\errorprone\error_prone_annotations\2.18.0\error_prone_annotations-2.18.0.jar;C:\Users\prave\.m2\repository\io\grpc\grpc-stub\1.53.0\grpc-stub-1.53.0.jar;C:\Users\prave\.m2\repository\io\grpc\grpc-protobuf\1.53.0\grpc-protobuf-1.53.0.jar;C:\Users\prave\.m2\repository\io\grpc\grpc-protobuf-lite\1.53.0\grpc-protobuf-lite-1.53.0.jar;C:\Users\prave\.m2\repository\com\google\protobuf\protobuf-java\3.21.12\protobuf-java-3.21.12.jar;C:\Users\prave\.m2\repository\com\google\api\grpc\proto-google-common-protos\2.14.3\proto-google-common-protos-2.14.3.jar;C:\Users\prave\.m2\repository\com\google\maps\api\grpc\proto-google-maps-routing-v2\0.7.0\proto-google-maps-routing-v2-0.7.0.jar;C:\Users\prave\.m2\repository\com\google\api\grpc\proto-google-iam-v1\1.9.3\proto-google-iam-v1-1.9.3.jar;C:\Users\prave\.m2\repository\com\google\api\api-common\2.6.3\api-common-2.6.3.jar;C:\Users\prave\.m2\repository\com\google\auto\value\auto-value-annotations\1.10.1\auto-value-annotations-1.10.1.jar;C:\Users\prave\.m2\repository\com\google\auto\value\auto-value\1.10.1\auto-value-1.10.1.jar;C:\Users\prave\.m2\repository\javax\annotation\javax.annotation-api\1.3.2\javax.annotation-api-1.3.2.jar;C:\Users\prave\.m2\repository\com\google\guava\guava\31.1-jre\guava-31.1-jre.jar;C:\Users\prave\.m2\repository\com\google\guava\failureaccess\1.0.1\failureaccess-1.0.1.jar;C:\Users\prave\.m2\repository\com\google\guava\listenablefuture\9999.0-empty-to-avoid-conflict-with-guava\listenablefuture-9999.0-empty-to-avoid-conflict-with-guava.jar;C:\Users\prave\.m2\repository\org\checkerframework\checker-qual\3.32.0\checker-qual-3.32.0.jar;C:\Users\prave\.m2\repository\com\google\j2objc\j2objc-annotations\1.3\j2objc-annotations-1.3.jar;"/>
    <property name="sun.cpu.endian" value="little"/>
    <property name="user.home" value="C:\Users\prave"/>
    <property name="user.language" value="en"/>
    <property name="java.specification.vendor" value="Oracle Corporation"/>
    <property name="java.version.date" value="2023-01-17"/>
    <property name="java.home" value="C:\Program Files\Java\jdk-19"/>
    <property name="file.separator" value="\"/>
    <property name="basedir" value="C:\Users\prave\webapphsbc"/>
    <property name="java.vm.compressedOopsMode" value="32-bit"/>
    <property name="line.separator" value="&#10;"/>
    <property name="java.vm.specification.vendor" value="Oracle Corporation"/>
    <property name="java.specification.name" value="Java Platform API Specification"/>
    <property name="surefire.real.class.path" value="C:\Users\prave\AppData\Local\Temp\surefire10878001315563819554\surefirebooter5258004766453066849.jar"/>
    <property name="user.script" value=""/>
    <property name="sun.management.compiler" value="HotSpot 64-Bit Tiered Compilers"/>
    <property name="java.runtime.version" value="19.0.2+7-44"/>
    <property name="user.name" value="prave"/>
    <property name="stdout.encoding" value="Cp1252"/>
    <property name="path.separator" value=";"/>
    <property name="os.version" value="10.0"/>
    <property name="java.runtime.name" value="Java(TM) SE Runtime Environment"/>
    <property name="file.encoding" value="UTF-8"/>
    <property name="java.vm.name" value="Java HotSpot(TM) 64-Bit Server VM"/>
    <property name="localRepository" value="C:\Users\prave\.m2\repository"/>
    <property name="java.vendor.url.bug" value="https://bugreport.java.com/bugreport/"/>
    <property name="java.io.tmpdir" value="C:\Users\prave\AppData\Local\Temp\"/>
    <property name="java.version" value="19.0.2"/>
    <property name="user.dir" value="C:\Users\prave\webapphsbc"/>
    <property name="os.arch" value="amd64"/>
    <property name="java.vm.specification.name" value="Java Virtual Machine Specification"/>
    <property name="sun.os.patch.level" value=""/>
    <property name="native.encoding" value="Cp1252"/>
    <property name="java.library.path" value="C:\Program Files\Java\jdk-19\bin;C:\WINDOWS\Sun\Java\bin;C:\WINDOWS\system32;C:\WINDOWS;C:\Program Files\Common Files\Oracle\Java\javapath;C:\WINDOWS\system32;C:\WINDOWS;C:\WINDOWS\System32\Wbem;C:\WINDOWS\System32\WindowsPowerShell\v1.0\;C:\WINDOWS\System32\OpenSSH\;C:\Program Files\Amazon\AWSCLIV2\;C:\Program Files\PuTTY\;C:\Program Files\Git\cmd;C:\Program Files\Java\jdk-19\bin;C:\Users\prave\Downloads\apache-maven-3.9.0-bin\apache-maven-3.9.0\bin;C:\Users\prave\AppData\Local\Microsoft\WindowsApps;."/>
    <property name="java.vm.info" value="mixed mode, sharing"/>
    <property name="stderr.encoding" value="Cp1252"/>
    <property name="java.vendor" value="Oracle Corporation"/>
    <property name="java.vm.version" value="19.0.2+7-44"/>
    <property name="sun.io.unicode.encoding" value="UnicodeLittle"/>
    <property name="java.class.version" value="63.0"/>
  </properties>
  <testcase name="shouldAnswerWithTrue" classname="com.hsbc.AppTest" time="0"/>
</testsuite>